;main.cpp
;showUserInfo.cpp
[Nickname: ]
[Nickname: ]
[First and last name:]
[First and last name:]
[First name:]
[First name:]
[Last name:]
[Last name:]
[Gender:]
[Gender:]
[unspecified]
[Gender:]
[Gender:]
[male]
[Gender:]
[Gender:]
[female]
[Primary e-mail: ]
[Primary e-mail: ]
[Date of birth:]
[Date of birth:]
[Age:]
[Age:]
[, age:]
[, age:]
[UIN: ]
[UIN: ]
[IP ]
[IP ]
[external: ]
[external:]
[external:]
[internal: ]
[internal:]
[internal:]
[ICQ ]
[ICQ ]
[client: ]
[client:]
[client:]
[version: ]
[version:]
[version:]
[port: ]
[port:]
[port:]
[Online since:]
[Online since:]
[System up since:]
[System up since:]
[, system up: ]
[, system up:]
[, system up:]
[Idle since:]
[Idle since:]
[, idle: ]
[, idle:]
[, idle:]
[ICQ status:]
[ICQ status:]
[offline]
[offline]
[offline]
[online]
[online]
[online]
[away]
[away]
[away]
[DND]
[DND]
[DND]
[N/A]
[N/A]
[N/A]
[occupied]
[occupied]
[occupied]
[free for chat]
[free for chat]
[free for chat]
[invisible]
[invisible]
[invisible]
[Other e-mails:]
[Other e-mails:]
[Phone number:]
[Phone number:]
[Fax number:]
[Fax number:]
[, fax: ]
[, fax:]
[, fax:]
[Mobile phone number:]
[Mobile phone number:]
[, mobile: ]
[, mobile:]
[, mobile:]
[Other phone numbers:]
[Other phone numbers:]
[Address:]
[Address:]
[Spoken languages:]
[Spoken languages:]
[Timezone:]
[Timezone:]
[, local time:]
[Company: ]
[Company: ]
[Department: ]
[Department: ]
[Position: ]
[Position: ]
[Company address:]
[Company address:]
[Company website: ]
[Company website: ]
[Homepage: ]
[Homepage: ]
[Past background:]
[Past background:]
[Interests:]
[Interests:]
[About: ]
[About: ]
[Notes: ]
[Notes: ]
[Nickname:]
[Nickname:]
[E-mail:]
[E-mail:]
;const.h
[Other]
[Afghanistan]
[Albania]
[Algeria]
[American Samoa]
[Andorra]
[Angola]
[Anguilla]
[Antigua and Barbuda]
[Antilles]
[Argentina]
[Armenia]
[Aruba]
[Ascension Island]
[Australia]
[Austria]
[Azerbaijan]
[Bahamas]
[Bahrain]
[Bangladesh]
[Barbados]
[Barbuda]
[Belarus]
[Belgium]
[Belize]
[Benin]
[Bermuda]
[Bhutan]
[Bolivia]
[Bosnia and Herzegovina]
[Botswana]
[Brazil]
[British Virgin Islands]
[Brunei]
[Bulgaria]
[Burkina Faso]
[Burundi]
[Cambodia]
[Cameroon]
[Canada]
[Canary Islands]
[Cape Verde Islands]
[Cayman Islands]
[Central African Republic]
[Chad]
[Chile, Republic of]
[China]
[Christmas Island]
[Cocos-Keeling Islands]
[Cocos (Keeling) Islands]
[Colombia]
[Comoros]
[Congo, Democratic Republic of (Zaire)]
[Congo, Republic of the]
[Cook Islands]
[Costa Rica]
[Cote d'Ivoire (Ivory Coast)]
[Croatia]
[Cuba]
[Cyprus]
[Czech Republic]
[Denmark]
[Diego Garcia]
[Djibouti]
[Dominica]
[Dominican Republic]
[Ecuador]
[Egypt]
[El Salvador]
[Equatorial Guinea]
[Eritrea]
[Estonia]
[Ethiopia]
[Faeroe Islands]
[Falkland Islands]
[Fiji]
[Finland]
[France]
[French Antilles]
[French Guiana]
[French Polynesia]
[Gabon]
[Gambia]
[Georgia]
[Germany]
[Ghana]
[Gibraltar]
[Greece]
[Greenland]
[Grenada]
[Guadeloupe]
[Guam, US Territory of]
[Guatemala]
[Guinea]
[Guinea-Bissau]
[Guyana]
[Haiti]
[Honduras]
[Hong Kong]
[Hungary]
[Iceland]
[India]
[Indonesia]
[Iran (Islamic Republic of)]
[Iraq]
[Ireland]
[Israel]
[Italy]
[Jamaica]
[Japan]
[Jordan]
[Kazakhstan]
[Kenya]
[Kiribati]
[Korea, North]
[Korea, South]
[Kuwait]
[Kyrgyzstan]
[Laos]
[Latvia]
[Lebanon]
[Lesotho]
[Liberia]
[Libyan Arab Jamahiriya]
[Liechtenstein]
[Lithuania]
[Luxembourg]
[Macau]
[Macedonia (F.Y.R.O.M.)]
[Madagascar]
[Malawi]
[Malaysia]
[Maldives]
[Mali]
[Malta]
[Marshall Islands]
[Martinique]
[Mauritania]
[Mauritius]
[Mayotte Island]
[Mexico]
[Micronesia, Federated States of]
[Moldova, Republic of]
[Monaco]
[Mongolia]
[Montserrat]
[Morocco]
[Mozambique]
[Myanmar]
[Namibia]
[Nauru]
[Nepal]
[Netherlands]
[Netherlands Antilles]
[Nevis]
[New Caledonia]
[New Zealand]
[Nicaragua]
[Niger]
[Nigeria]
[Niue]
[Norfolk Island]
[Norway]
[Oman]
[Pakistan]
[Palau]
[Panama]
[Papua New Guinea]
[Paraguay]
[Peru]
[Philippines]
[Poland]
[Portugal]
[Puerto Rico]
[Qatar]
[Reunion Island]
[Romania]
[Rota Island]
[Russia]
[Rwanda]
[Saint Helena]
[Saint Kitts]
[Saint Kitts and Nevis]
[Saint Lucia]
[Saint Pierre and Miquelon]
[Saint Vincent and the Grenadines]
[Saipan Island]
[San Marino]
[Sao Tome and Principe]
[Saudi Arabia]
[Scotland]
[Senegal]
[Seychelles]
[Sierra Leone]
[Singapore]
[Slovakia]
[Slovenia]
[Solomon Islands]
[Somalia]
[South Africa]
[Spain]
[Sri Lanka]
[Sudan]
[Suriname]
[Swaziland]
[Sweden]
[Switzerland]
[Syrian Arab Republic]
[Taiwan]
[Tajikistan]
[Tanzania]
[Thailand]
[Tinian Island]
[Togo]
[Tokelau]
[Tonga]
[Trinidad and Tobago]
[Tunisia]
[Turkey]
[Turkmenistan]
[Turks and Caicos Islands]
[Tuvalu]
[Uganda]
[Ukraine]
[United Arab Emirates]
[United Kingdom]
[Uruguay]
[USA]
[Uzbekistan]
[Vanuatu]
[Vatican City]
[Venezuela]
[Vietnam]
[Virgin Islands (USA)]
[Wales]
[Wallis and Futuna Islands]
[Western Samoa]
[Yemen]
[Yugoslavia]
[Yugoslavia - Serbia]
[Yugoslavia - Montenegro]
[Zambia]
[Zimbabwe]
